<?xml version="1.0" encoding="UTF-8"?>
<!-- Generated by org.testng.reporters.JUnitXMLReporter -->
<testsuite ignored="0" hostname="LAPTOP-ERR8R0T2" failures="0" tests="3" name="Default test" time="63.757" errors="0" timestamp="2025-09-14T15:43:57 CST">
  <testcase classname="presentation.HardPopupExample" name="testJsAlert" time="0.145"/>
  <testcase classname="presentation.HardPopupExample" name="testJsConfirm" time="0.116"/>
  <testcase classname="presentation.HardPopupExample" name="testJsPrompt" time="0.137"/>
</testsuite> <!-- Default test -->
