<?xml version="1.0" encoding="UTF-8"?>
<testng-results ignored="0" total="3" passed="3" failed="0" skipped="0">
  <reporter-output>
  </reporter-output>
  <suite started-at="2025-09-14T15:42:53 CST" name="Default suite" finished-at="2025-09-14T15:43:57 CST" duration-ms="63757">
    <groups>
    </groups>
    <test started-at="2025-09-14T15:42:53 CST" name="Default test" finished-at="2025-09-14T15:43:57 CST" duration-ms="63757">
      <class name="presentation.HardPopupExample">
        <test-method is-config="true" signature="setUp()[pri:0, instance:presentation.HardPopupExample@55182842]" started-at="2025-09-14T15:42:53 CST" name="setUp" finished-at="2025-09-14T15:43:13 CST" duration-ms="19151" status="PASS">
          <reporter-output>
          </reporter-output>
        </test-method> <!-- setUp -->
        <test-method signature="testJsAlert()[pri:0, instance:presentation.HardPopupExample@55182842]" started-at="2025-09-14T15:43:13 CST" name="testJsAlert" finished-at="2025-09-14T15:43:13 CST" duration-ms="145" status="PASS">
          <reporter-output>
          </reporter-output>
        </test-method> <!-- testJsAlert -->
        <test-method is-config="true" signature="tearDown()[pri:0, instance:presentation.HardPopupExample@55182842]" started-at="2025-09-14T15:43:13 CST" name="tearDown" finished-at="2025-09-14T15:43:13 CST" duration-ms="186" status="PASS">
          <reporter-output>
          </reporter-output>
        </test-method> <!-- tearDown -->
        <test-method is-config="true" signature="setUp()[pri:0, instance:presentation.HardPopupExample@55182842]" started-at="2025-09-14T15:43:13 CST" name="setUp" finished-at="2025-09-14T15:43:34 CST" duration-ms="21208" status="PASS">
          <reporter-output>
          </reporter-output>
        </test-method> <!-- setUp -->
        <test-method signature="testJsConfirm()[pri:0, instance:presentation.HardPopupExample@55182842]" started-at="2025-09-14T15:43:34 CST" name="testJsConfirm" finished-at="2025-09-14T15:43:34 CST" duration-ms="116" status="PASS">
          <reporter-output>
          </reporter-output>
        </test-method> <!-- testJsConfirm -->
        <test-method is-config="true" signature="tearDown()[pri:0, instance:presentation.HardPopupExample@55182842]" started-at="2025-09-14T15:43:34 CST" name="tearDown" finished-at="2025-09-14T15:43:34 CST" duration-ms="165" status="PASS">
          <reporter-output>
          </reporter-output>
        </test-method> <!-- tearDown -->
        <test-method is-config="true" signature="setUp()[pri:0, instance:presentation.HardPopupExample@55182842]" started-at="2025-09-14T15:43:34 CST" name="setUp" finished-at="2025-09-14T15:43:57 CST" duration-ms="22431" status="PASS">
          <reporter-output>
          </reporter-output>
        </test-method> <!-- setUp -->
        <test-method signature="testJsPrompt()[pri:0, instance:presentation.HardPopupExample@55182842]" started-at="2025-09-14T15:43:57 CST" name="testJsPrompt" finished-at="2025-09-14T15:43:57 CST" duration-ms="137" status="PASS">
          <reporter-output>
          </reporter-output>
        </test-method> <!-- testJsPrompt -->
        <test-method is-config="true" signature="tearDown()[pri:0, instance:presentation.HardPopupExample@55182842]" started-at="2025-09-14T15:43:57 CST" name="tearDown" finished-at="2025-09-14T15:43:57 CST" duration-ms="173" status="PASS">
          <reporter-output>
          </reporter-output>
        </test-method> <!-- tearDown -->
      </class> <!-- presentation.HardPopupExample -->
    </test> <!-- Default test -->
  </suite> <!-- Default suite -->
</testng-results>
