<?xml version="1.0" encoding="UTF-8"?>
<testng-results ignored="0" total="1" passed="1" failed="0" skipped="0">
  <reporter-output>
  </reporter-output>
  <suite started-at="2025-09-15T11:20:55 CST" name="Default suite" finished-at="2025-09-15T11:21:48 CST" duration-ms="53442">
    <groups>
    </groups>
    <test started-at="2025-09-15T11:20:55 CST" name="Default test" finished-at="2025-09-15T11:21:48 CST" duration-ms="53442">
      <class name="presentation1.KeyboardActions">
        <test-method is-config="true" signature="setUp()[pri:0, instance:presentation1.KeyboardActions@7b2bbc3]" started-at="2025-09-15T11:20:55 CST" name="setUp" finished-at="2025-09-15T11:21:48 CST" duration-ms="52983" status="PASS">
          <reporter-output>
          </reporter-output>
        </test-method> <!-- setUp -->
        <test-method signature="testKeyboardCopyPaste()[pri:0, instance:presentation1.KeyboardActions@7b2bbc3]" started-at="2025-09-15T11:21:48 CST" name="testKeyboardCopyPaste" finished-at="2025-09-15T11:21:48 CST" duration-ms="407" status="PASS">
          <reporter-output>
          </reporter-output>
        </test-method> <!-- testKeyboardCopyPaste -->
      </class> <!-- presentation1.KeyboardActions -->
    </test> <!-- Default test -->
  </suite> <!-- Default suite -->
</testng-results>
