<?xml version="1.0" encoding="UTF-8"?>
<!-- Generated by org.testng.reporters.JUnitXMLReporter -->
<testsuite ignored="0" hostname="LAPTOP-ERR8R0T2" failures="0" tests="3" name="Default test" time="14.521" errors="0" timestamp="2025-10-11T18:50:06 CST">
  <testcase classname="com.selenium.module1.Assignment1" name="selectDropdown" time="4.112"/>
  <testcase classname="com.selenium.module1.Assignment1" name="selectOptionsAndCheckboxes" time="3.127"/>
  <testcase classname="com.selenium.module1.Assignment1" name="verifyPageTitle" time="3.158"/>
</testsuite> <!-- Default test -->
